<?xml version="1.0" encoding="UTF-8"?>
<!-- Generated by org.testng.reporters.JUnitXMLReporter -->
<testsuite ignored="1" hostname="LAPTOP-AB8GIN71" failures="1" tests="15" name="Test" time="69.694" errors="0" timestamp="2025-05-23T21:06:05 EDT">
  <testcase classname="testScenarios.HandlingDynaData" name="dynData" time="11.152"/>
  <testcase classname="testScenarios.DP" name="login" time="0.001"/>
  <testcase classname="testScenarios.DP" name="login" time="0.0"/>
  <testcase classname="testScenarios.DP" name="login" time="0.002"/>
  <testcase classname="testScenarios.MouseOver" name="dragDrop" time="10.621"/>
  <testcase classname="testScenarios.MouseOver" name="reSize" time="10.869"/>
  <testcase classname="testScenarios.Rediff" name="openBrowser" time="6.898"/>
  <testcase classname="testScenarios.Rediff" name="loginRediff1" time="4.251"/>
  <testcase classname="testScenarios.Rediff" name="closeBrowser" time="1.25"/>
  <testcase classname="testScenarios.ReadFrmWebTable" name="ReadWebTable" time="9.407"/>
  <testcase classname="testScenarios.CompareWebTable" name="readFrmTxtFile" time="0.002"/>
  <testcase classname="testScenarios.CompareWebTable" name="readFrmWebTb" time="7.485"/>
  <testcase classname="testScenarios.CompareWebTable" name="compare" time="0.002"/>
  <testcase classname="testScenarios.ThruTextFile" name="readFrmTextFile" time="0.007"/>
  <testcase classname="testScenarios.SwitchingWindow" name="switchWin" time="7.633">
    <failure type="org.openqa.selenium.NoSuchElementException" message="no such element: Unable to locate element: {&amp;quot;method&amp;quot;:&amp;quot;link text&amp;quot;,&amp;quot;selector&amp;quot;:&amp;quot;Log in&amp;quot;}
  (Session info: MicrosoftEdge=137.0.3296.30)
For documentation on this error, please visit: https://www.selenium.dev/documentation/webdriver/troubleshooting/errors#no-such-element-exception
Build info: version: &amp;apos;4.32.0&amp;apos;, revision: &amp;apos;d17c8aa950&amp;apos;
System info: os.name: &amp;apos;Windows 11&amp;apos;, os.arch: &amp;apos;amd64&amp;apos;, os.version: &amp;apos;10.0&amp;apos;, java.version: &amp;apos;21.0.6&amp;apos;
Driver info: org.openqa.selenium.edge.EdgeDriver
Command: [4aec6d2a27e79941fe422d5ced0f6fdb, findElement {using=link text, value=Log in}]
Capabilities {acceptInsecureCerts: false, browserName: MicrosoftEdge, browserVersion: 137.0.3296.30, fedcm:accounts: true, ms:edgeOptions: {debuggerAddress: localhost:58131}, msedge: {msedgedriverVersion: 137.0.3296.30 (f1cac5ed9d8b..., userDataDir: C:\Users\pradh\AppData\Loca...}, networkConnectionEnabled: false, pageLoadStrategy: normal, platformName: windows, proxy: Proxy(), se:cdp: ws://localhost:58131/devtoo..., se:cdpVersion: 137.0.3296.30, setWindowRect: true, strictFileInteractability: false, timeouts: {implicit: 0, pageLoad: 300000, script: 30000}, unhandledPromptBehavior: dismiss and notify, webauthn:extension:credBlob: true, webauthn:extension:largeBlob: true, webauthn:extension:minPinLength: true, webauthn:extension:prf: true, webauthn:virtualAuthenticators: true}
Session ID: 4aec6d2a27e79941fe422d5ced0f6fdb">
      <![CDATA[org.openqa.selenium.NoSuchElementException: no such element: Unable to locate element: {"method":"link text","selector":"Log in"}
  (Session info: MicrosoftEdge=137.0.3296.30)
For documentation on this error, please visit: https://www.selenium.dev/documentation/webdriver/troubleshooting/errors#no-such-element-exception
Build info: version: '4.32.0', revision: 'd17c8aa950'
System info: os.name: 'Windows 11', os.arch: 'amd64', os.version: '10.0', java.version: '21.0.6'
Driver info: org.openqa.selenium.edge.EdgeDriver
Command: [4aec6d2a27e79941fe422d5ced0f6fdb, findElement {using=link text, value=Log in}]
Capabilities {acceptInsecureCerts: false, browserName: MicrosoftEdge, browserVersion: 137.0.3296.30, fedcm:accounts: true, ms:edgeOptions: {debuggerAddress: localhost:58131}, msedge: {msedgedriverVersion: 137.0.3296.30 (f1cac5ed9d8b..., userDataDir: C:\Users\pradh\AppData\Loca...}, networkConnectionEnabled: false, pageLoadStrategy: normal, platformName: windows, proxy: Proxy(), se:cdp: ws://localhost:58131/devtoo..., se:cdpVersion: 137.0.3296.30, setWindowRect: true, strictFileInteractability: false, timeouts: {implicit: 0, pageLoad: 300000, script: 30000}, unhandledPromptBehavior: dismiss and notify, webauthn:extension:credBlob: true, webauthn:extension:largeBlob: true, webauthn:extension:minPinLength: true, webauthn:extension:prf: true, webauthn:virtualAuthenticators: true}
Session ID: 4aec6d2a27e79941fe422d5ced0f6fdb
at org.openqa.selenium.remote.ErrorCodec.decode(ErrorCodec.java:167)
at org.openqa.selenium.remote.codec.w3c.W3CHttpResponseCodec.decode(W3CHttpResponseCodec.java:138)
at org.openqa.selenium.remote.codec.w3c.W3CHttpResponseCodec.decode(W3CHttpResponseCodec.java:50)
at org.openqa.selenium.remote.HttpCommandExecutor.execute(HttpCommandExecutor.java:215)
at org.openqa.selenium.remote.service.DriverCommandExecutor.invokeExecute(DriverCommandExecutor.java:216)
at org.openqa.selenium.remote.service.DriverCommandExecutor.execute(DriverCommandExecutor.java:174)
at org.openqa.selenium.remote.RemoteWebDriver.execute(RemoteWebDriver.java:545)
at org.openqa.selenium.remote.ElementLocation$ElementFinder$2.findElement(ElementLocation.java:165)
at org.openqa.selenium.remote.ElementLocation.findElement(ElementLocation.java:59)
at org.openqa.selenium.remote.RemoteWebDriver.findElement(RemoteWebDriver.java:368)
at org.openqa.selenium.remote.RemoteWebDriver.findElement(RemoteWebDriver.java:362)
at testScenarios.SwitchingWindow.switchWin(SwitchingWindow.java:41)
at java.base/java.util.ArrayList.forEach(ArrayList.java:1596)
... Removed 32 stack frames]]>
    </failure>
  </testcase> <!-- switchWin -->
  <testcase classname="testScenarios.Rediff" name="loginRediff" time="0.0">
    <ignored/>
  </testcase> <!-- loginRediff -->
</testsuite> <!-- Test -->
